<?xml version="1.0" encoding="UTF-8"?>
<!-- Generated by org.testng.reporters.JUnitReportReporter -->
<testsuite skipped="0" hostname="Kunals-MacBook-Air.local" name="Selenium4.RelativeLocators" tests="2" failures="0" timestamp="17 May 2020 19:51:06 GMT" time="0.163" errors="0">
  <testcase name="Test1" time="0.112" classname="Selenium4.RelativeLocators"/>
  <testcase name="Test2" time="0.051" classname="Selenium4.RelativeLocators"/>
</testsuite> <!-- Selenium4.RelativeLocators -->
