<?xml version="1.0" encoding="UTF-8"?>
<!-- Generated by org.testng.reporters.JUnitReportReporter -->
<testsuite skipped="0" hostname="Kunals-MacBook-Air.local" name="Selenium4.OpenNewWindow" tests="1" failures="0" timestamp="17 May 2020 17:19:29 GMT" time="6.767" errors="0">
  <testcase name="openNewWindow" time="6.767" classname="Selenium4.OpenNewWindow"/>
</testsuite> <!-- Selenium4.OpenNewWindow -->
