<?xml version="1.0" encoding="UTF-8"?>
<!-- Generated by org.testng.reporters.JUnitReportReporter -->
<testsuite skipped="0" hostname="Kunals-MacBook-Air.local" name="Selenium4.TakingScreenshots" tests="3" failures="0" timestamp="17 May 2020 18:21:36 GMT" time="1.492" errors="0">
  <testcase name="screenshotOfSection" time="0.666" classname="Selenium4.TakingScreenshots"/>
  <testcase name="screenshotCompletePage" time="0.496" classname="Selenium4.TakingScreenshots"/>
  <testcase name="screenshotOfElement" time="0.330" classname="Selenium4.TakingScreenshots"/>
</testsuite> <!-- Selenium4.TakingScreenshots -->
