<?xml version="1.0" encoding="UTF-8"?>
<!-- Generated by org.testng.reporters.JUnitReportReporter -->
<testsuite skipped="0" hostname="Kunals-MacBook-Air.local" name="Selenium4.TakingScreenshots" tests="3" failures="0" timestamp="17 May 2020 19:51:06 GMT" time="1.387" errors="0">
  <testcase name="screenshotCompletePage" time="0.510" classname="Selenium4.TakingScreenshots"/>
  <testcase name="screenshotOfElement" time="0.314" classname="Selenium4.TakingScreenshots"/>
  <testcase name="screenshotOfSection" time="0.563" classname="Selenium4.TakingScreenshots"/>
</testsuite> <!-- Selenium4.TakingScreenshots -->
