<?xml version="1.0" encoding="UTF-8"?>
<!-- Generated by org.testng.reporters.JUnitReportReporter -->
<testsuite skipped="0" hostname="Kunals-MacBook-Air.local" name="Selenium4.getElementLocation" tests="2" failures="0" timestamp="17 May 2020 17:29:11 GMT" time="1.403" errors="0">
  <testcase name="getSize" time="0.358" classname="Selenium4.getElementLocation"/>
  <testcase name="getLocation" time="1.045" classname="Selenium4.getElementLocation"/>
</testsuite> <!-- Selenium4.getElementLocation -->
