<?xml version="1.0" encoding="UTF-8"?>
<!-- Generated by org.testng.reporters.JUnitReportReporter -->
<testsuite skipped="0" hostname="Kunals-MacBook-Air.local" name="Selenium4.OpenNewTab" tests="2" failures="0" timestamp="17 May 2020 17:17:33 GMT" time="15.993" errors="0">
  <testcase name="openNewTab" time="8.478" classname="Selenium4.OpenNewTab"/>
  <testcase name="openNewWindow" time="7.515" classname="Selenium4.OpenNewTab"/>
</testsuite> <!-- Selenium4.OpenNewTab -->
