<?xml version="1.0" encoding="UTF-8"?>
<!-- Generated by org.testng.reporters.JUnitReportReporter -->
<testsuite skipped="0" hostname="Kunals-MacBook-Air.local" name="Selenium4.WebElementScreenshot" tests="1" failures="0" timestamp="17 May 2020 13:27:37 GMT" time="4.643" errors="0">
  <testcase name="captureScreenshot" time="4.643" classname="Selenium4.WebElementScreenshot"/>
</testsuite> <!-- Selenium4.WebElementScreenshot -->
