<?xml version="1.0" encoding="UTF-8"?>
<!-- Generated by org.testng.reporters.JUnitReportReporter -->
<testsuite skipped="0" hostname="Kunals-MacBook-Air.local" name="Selenium4.RelativeLocators" tests="2" failures="0" timestamp="17 May 2020 17:50:47 GMT" time="0.157" errors="0">
  <testcase name="Test1" time="0.101" classname="Selenium4.RelativeLocators"/>
  <testcase name="Test2" time="0.056" classname="Selenium4.RelativeLocators"/>
</testsuite> <!-- Selenium4.RelativeLocators -->
